
2025/04/22 (02:53:42) | ===> btop++ v.1.4.0
2025/04/22 (02:53:42) | WARNING: Intel GPU: Failed to initialize PMU

2025/04/22 (03:22:42) | ===> btop++ v.1.4.0
2025/04/22 (03:22:42) | WARNING: Intel GPU: Failed to initialize PMU

2025/04/22 (04:09:51) | ===> btop++ v.1.4.0
2025/04/22 (04:09:51) | WARNING: Intel GPU: Failed to initialize PMU

2025/04/22 (04:20:55) | ===> btop++ v.1.4.0
2025/04/22 (04:20:55) | WARNING: Intel GPU: Failed to initialize PMU

2025/04/22 (06:27:24) | ===> btop++ v.1.4.0
2025/04/22 (06:27:24) | WARNING: Intel GPU: Failed to initialize PMU

2025/04/22 (20:56:53) | ===> btop++ v.1.4.0
2025/04/22 (20:56:53) | ERROR: No tty detected!
btop++ needs an interactive shell to run.

2025/04/22 (20:57:02) | ===> btop++ v.1.4.0
2025/04/22 (20:57:02) | WARNING: Intel GPU: Failed to initialize PMU

2025/04/22 (21:07:03) | ===> btop++ v.1.4.0
2025/04/22 (21:07:03) | ERROR: Couldn't determine terminal size of "STDOUT_FILENO"!
2025/04/22 (21:07:03) | ERROR: Couldn't determine terminal size of "/dev/tty"!
2025/04/22 (21:07:03) | ERROR: Couldn't determine terminal size of "STDOUT_FILENO"!
2025/04/22 (21:07:03) | ERROR: Couldn't determine terminal size of "/dev/tty"!
2025/04/22 (21:07:03) | ERROR: Couldn't determine terminal size of "STDOUT_FILENO"!
2025/04/22 (21:07:03) | ERROR: Couldn't determine terminal size of "/dev/tty"!
2025/04/22 (21:07:03) | ERROR: Couldn't determine terminal size of "STDOUT_FILENO"!
2025/04/22 (21:07:03) | ERROR: Couldn't determine terminal size of "/dev/tty"!
2025/04/22 (21:07:03) | ERROR: Couldn't determine terminal size of "STDOUT_FILENO"!
2025/04/22 (21:07:03) | ERROR: Couldn't determine terminal size of "/dev/tty"!
2025/04/22 (21:07:03) | ERROR: Couldn't determine terminal size of "STDOUT_FILENO"!
2025/04/22 (21:07:03) | ERROR: Couldn't determine terminal size of "/dev/tty"!
2025/04/22 (21:07:03) | ERROR: Couldn't determine terminal size of "STDOUT_FILENO"!
2025/04/22 (21:07:03) | ERROR: Couldn't determine terminal size of "/dev/tty"!
2025/04/22 (21:07:03) | ERROR: Couldn't determine terminal size of "STDOUT_FILENO"!
2025/04/22 (21:07:03) | ERROR: Couldn't determine terminal size of "/dev/tty"!
2025/04/22 (21:07:03) | ERROR: Couldn't determine terminal size of "STDOUT_FILENO"!
2025/04/22 (21:07:03) | ERROR: Couldn't determine terminal size of "/dev/tty"!
2025/04/22 (21:07:03) | ERROR: Couldn't determine terminal size of "STDOUT_FILENO"!
2025/04/22 (21:07:03) | ERROR: Couldn't determine terminal size of "/dev/tty"!
2025/04/22 (21:07:03) | ERROR: Couldn't determine terminal size of "STDOUT_FILENO"!
2025/04/22 (21:07:03) | ERROR: Couldn't determine terminal size of "/dev/tty"!
2025/04/22 (21:07:03) | ERROR: Couldn't determine terminal size of "STDOUT_FILENO"!
2025/04/22 (21:07:03) | ERROR: Couldn't determine terminal size of "/dev/tty"!
2025/04/22 (21:07:03) | ERROR: Couldn't determine terminal size of "STDOUT_FILENO"!
2025/04/22 (21:07:03) | ERROR: Couldn't determine terminal size of "/dev/tty"!
2025/04/22 (21:07:03) | ERROR: Couldn't determine terminal size of "STDOUT_FILENO"!
2025/04/22 (21:07:03) | ERROR: Couldn't determine terminal size of "/dev/tty"!
2025/04/22 (21:07:03) | ERROR: Couldn't determine terminal size of "STDOUT_FILENO"!
2025/04/22 (21:07:03) | ERROR: Couldn't determine terminal size of "/dev/tty"!
2025/04/22 (21:07:03) | ERROR: Couldn't determine terminal size of "STDOUT_FILENO"!
2025/04/22 (21:07:03) | ERROR: Couldn't determine terminal size of "/dev/tty"!
2025/04/22 (21:07:03) | ERROR: Couldn't determine terminal size of "STDOUT_FILENO"!
2025/04/22 (21:07:03) | ERROR: Couldn't determine terminal size of "/dev/tty"!
2025/04/22 (21:07:03) | ERROR: Couldn't determine terminal size of "STDOUT_FILENO"!
2025/04/22 (21:07:03) | ERROR: Couldn't determine terminal size of "/dev/tty"!
2025/04/22 (21:07:03) | ERROR: Couldn't determine terminal size of "STDOUT_FILENO"!
2025/04/22 (21:07:03) | ERROR: Couldn't determine terminal size of "/dev/tty"!
2025/04/22 (21:07:03) | ERROR: Couldn't determine terminal size of "STDOUT_FILENO"!
2025/04/22 (21:07:03) | ERROR: Couldn't determine terminal size of "/dev/tty"!
2025/04/22 (21:07:03) | ERROR: Couldn't determine terminal size of "STDOUT_FILENO"!
2025/04/22 (21:07:03) | ERROR: Couldn't determine terminal size of "/dev/tty"!
2025/04/22 (21:07:03) | ERROR: Couldn't determine terminal size of "STDOUT_FILENO"!
2025/04/22 (21:07:03) | ERROR: Couldn't determine terminal size of "/dev/tty"!
2025/04/22 (21:07:03) | ERROR: Couldn't determine terminal size of "STDOUT_FILENO"!
2025/04/22 (21:07:03) | ERROR: Couldn't determine terminal size of "/dev/tty"!
2025/04/22 (21:07:03) | ERROR: Couldn't determine terminal size of "STDOUT_FILENO"!
2025/04/22 (21:07:03) | ERROR: Couldn't determine terminal size of "/dev/tty"!
2025/04/22 (21:07:03) | ERROR: Couldn't determine terminal size of "STDOUT_FILENO"!
2025/04/22 (21:07:03) | ERROR: Couldn't determine terminal size of "/dev/tty"!
2025/04/22 (21:07:04) | ERROR: Couldn't determine terminal size of "STDOUT_FILENO"!
2025/04/22 (21:07:04) | ERROR: Couldn't determine terminal size of "/dev/tty"!
2025/04/22 (21:07:04) | ERROR: Couldn't determine terminal size of "STDOUT_FILENO"!
2025/04/22 (21:07:04) | ERROR: Couldn't determine terminal size of "/dev/tty"!
2025/04/22 (21:07:04) | ERROR: Couldn't determine terminal size of "STDOUT_FILENO"!
2025/04/22 (21:07:04) | ERROR: Couldn't determine terminal size of "/dev/tty"!
2025/04/22 (21:07:04) | ERROR: Couldn't determine terminal size of "STDOUT_FILENO"!
2025/04/22 (21:07:04) | ERROR: Couldn't determine terminal size of "/dev/tty"!
2025/04/22 (21:07:04) | ERROR: Couldn't determine terminal size of "STDOUT_FILENO"!
2025/04/22 (21:07:04) | ERROR: Couldn't determine terminal size of "/dev/tty"!
2025/04/22 (21:07:04) | ERROR: Couldn't determine terminal size of "STDOUT_FILENO"!
2025/04/22 (21:07:04) | ERROR: Couldn't determine terminal size of "/dev/tty"!
2025/04/22 (21:07:04) | ERROR: Couldn't determine terminal size of "STDOUT_FILENO"!
2025/04/22 (21:07:04) | ERROR: Couldn't determine terminal size of "/dev/tty"!
2025/04/22 (21:07:04) | ERROR: Couldn't determine terminal size of "STDOUT_FILENO"!
2025/04/22 (21:07:04) | ERROR: Couldn't determine terminal size of "/dev/tty"!
2025/04/22 (21:07:04) | ERROR: Couldn't determine terminal size of "STDOUT_FILENO"!
2025/04/22 (21:07:04) | ERROR: Couldn't determine terminal size of "/dev/tty"!
2025/04/22 (21:07:04) | ERROR: Couldn't determine terminal size of "STDOUT_FILENO"!
2025/04/22 (21:07:04) | ERROR: Couldn't determine terminal size of "/dev/tty"!
2025/04/22 (21:07:04) | ERROR: Couldn't determine terminal size of "STDOUT_FILENO"!
2025/04/22 (21:07:04) | ERROR: Couldn't determine terminal size of "/dev/tty"!
2025/04/22 (21:07:04) | ERROR: Couldn't determine terminal size of "STDOUT_FILENO"!
2025/04/22 (21:07:04) | ERROR: Couldn't determine terminal size of "/dev/tty"!
2025/04/22 (21:07:04) | ERROR: Couldn't determine terminal size of "STDOUT_FILENO"!
2025/04/22 (21:07:04) | ERROR: Couldn't determine terminal size of "/dev/tty"!
2025/04/22 (21:07:04) | ERROR: Couldn't determine terminal size of "STDOUT_FILENO"!
2025/04/22 (21:07:04) | ERROR: Couldn't determine terminal size of "/dev/tty"!
2025/04/22 (21:07:04) | ERROR: Couldn't determine terminal size of "STDOUT_FILENO"!
2025/04/22 (21:07:04) | ERROR: Couldn't determine terminal size of "/dev/tty"!
2025/04/22 (21:07:04) | ERROR: Couldn't determine terminal size of "STDOUT_FILENO"!
2025/04/22 (21:07:04) | ERROR: Couldn't determine terminal size of "/dev/tty"!
2025/04/22 (21:07:04) | ERROR: Couldn't determine terminal size of "STDOUT_FILENO"!
2025/04/22 (21:07:04) | ERROR: Couldn't determine terminal size of "/dev/tty"!
2025/04/22 (21:07:04) | ERROR: Couldn't determine terminal size of "STDOUT_FILENO"!
2025/04/22 (21:07:04) | ERROR: Couldn't determine terminal size of "/dev/tty"!
2025/04/22 (21:07:04) | ERROR: Couldn't determine terminal size of "STDOUT_FILENO"!
2025/04/22 (21:07:04) | ERROR: Couldn't determine terminal size of "/dev/tty"!
2025/04/22 (21:07:04) | ERROR: Couldn't determine terminal size of "STDOUT_FILENO"!
2025/04/22 (21:07:04) | ERROR: Couldn't determine terminal size of "/dev/tty"!
2025/04/22 (21:07:04) | ERROR: Couldn't determine terminal size of "STDOUT_FILENO"!
2025/04/22 (21:07:04) | ERROR: Couldn't determine terminal size of "/dev/tty"!
2025/04/22 (21:07:04) | ERROR: Couldn't determine terminal size of "STDOUT_FILENO"!
2025/04/22 (21:07:04) | ERROR: Couldn't determine terminal size of "/dev/tty"!
2025/04/22 (21:07:04) | ERROR: Couldn't determine terminal size of "STDOUT_FILENO"!
2025/04/22 (21:07:04) | ERROR: Couldn't determine terminal size of "/dev/tty"!
2025/04/22 (21:07:04) | ERROR: Couldn't determine terminal size of "STDOUT_FILENO"!
2025/04/22 (21:07:04) | ERROR: Couldn't determine terminal size of "/dev/tty"!
2025/04/22 (21:07:04) | ERROR: Couldn't determine terminal size of "STDOUT_FILENO"!
2025/04/22 (21:07:04) | ERROR: Couldn't determine terminal size of "/dev/tty"!
2025/04/22 (21:07:04) | ERROR: Couldn't determine terminal size of "STDOUT_FILENO"!
2025/04/22 (21:07:04) | ERROR: Couldn't determine terminal size of "/dev/tty"!
2025/04/22 (21:07:04) | ERROR: Couldn't determine terminal size of "STDOUT_FILENO"!
2025/04/22 (21:07:04) | ERROR: Couldn't determine terminal size of "/dev/tty"!
2025/04/22 (21:07:04) | ERROR: Couldn't determine terminal size of "STDOUT_FILENO"!
2025/04/22 (21:07:04) | ERROR: Couldn't determine terminal size of "/dev/tty"!
2025/04/22 (21:07:04) | ERROR: Couldn't determine terminal size of "STDOUT_FILENO"!
2025/04/22 (21:07:04) | ERROR: Couldn't determine terminal size of "/dev/tty"!
2025/04/22 (21:07:04) | ERROR: Couldn't determine terminal size of "STDOUT_FILENO"!
2025/04/22 (21:07:04) | ERROR: Couldn't determine terminal size of "/dev/tty"!
2025/04/22 (21:07:04) | ERROR: Couldn't determine terminal size of "STDOUT_FILENO"!
2025/04/22 (21:07:04) | ERROR: Couldn't determine terminal size of "/dev/tty"!
2025/04/22 (21:07:04) | ERROR: Couldn't determine terminal size of "STDOUT_FILENO"!
2025/04/22 (21:07:04) | ERROR: Couldn't determine terminal size of "/dev/tty"!
2025/04/22 (21:07:04) | ERROR: Couldn't determine terminal size of "STDOUT_FILENO"!
2025/04/22 (21:07:04) | ERROR: Couldn't determine terminal size of "/dev/tty"!
2025/04/22 (21:07:04) | ERROR: Couldn't determine terminal size of "STDOUT_FILENO"!
2025/04/22 (21:07:04) | ERROR: Couldn't determine terminal size of "/dev/tty"!
2025/04/22 (21:07:04) | ERROR: Couldn't determine terminal size of "STDOUT_FILENO"!
2025/04/22 (21:07:04) | ERROR: Couldn't determine terminal size of "/dev/tty"!
2025/04/22 (21:07:04) | ERROR: Couldn't determine terminal size of "STDOUT_FILENO"!
2025/04/22 (21:07:04) | ERROR: Couldn't determine terminal size of "/dev/tty"!
2025/04/22 (21:07:04) | ERROR: Couldn't determine terminal size of "STDOUT_FILENO"!
2025/04/22 (21:07:04) | ERROR: Couldn't determine terminal size of "/dev/tty"!
2025/04/22 (21:07:04) | ERROR: Couldn't determine terminal size of "STDOUT_FILENO"!
2025/04/22 (21:07:04) | ERROR: Couldn't determine terminal size of "/dev/tty"!
2025/04/22 (21:07:04) | ERROR: Couldn't determine terminal size of "STDOUT_FILENO"!
2025/04/22 (21:07:04) | ERROR: Couldn't determine terminal size of "/dev/tty"!
2025/04/22 (21:07:04) | ERROR: Couldn't determine terminal size of "STDOUT_FILENO"!
2025/04/22 (21:07:04) | ERROR: Couldn't determine terminal size of "/dev/tty"!
2025/04/22 (21:07:04) | ERROR: Couldn't determine terminal size of "STDOUT_FILENO"!
2025/04/22 (21:07:04) | ERROR: Couldn't determine terminal size of "/dev/tty"!
2025/04/22 (21:07:04) | ERROR: Couldn't determine terminal size of "STDOUT_FILENO"!
2025/04/22 (21:07:04) | ERROR: Couldn't determine terminal size of "/dev/tty"!
2025/04/22 (21:07:04) | ERROR: Couldn't determine terminal size of "STDOUT_FILENO"!
2025/04/22 (21:07:04) | ERROR: Couldn't determine terminal size of "/dev/tty"!
2025/04/22 (21:07:04) | ERROR: Couldn't determine terminal size of "STDOUT_FILENO"!
2025/04/22 (21:07:04) | ERROR: Couldn't determine terminal size of "/dev/tty"!
2025/04/22 (21:07:04) | ERROR: Couldn't determine terminal size of "STDOUT_FILENO"!
2025/04/22 (21:07:04) | ERROR: Couldn't determine terminal size of "/dev/tty"!
2025/04/22 (21:07:04) | ERROR: Couldn't determine terminal size of "STDOUT_FILENO"!
2025/04/22 (21:07:04) | ERROR: Couldn't determine terminal size of "/dev/tty"!
2025/04/22 (21:07:04) | ERROR: Couldn't determine terminal size of "STDOUT_FILENO"!
2025/04/22 (21:07:04) | ERROR: Couldn't determine terminal size of "/dev/tty"!
2025/04/22 (21:07:04) | ERROR: Couldn't determine terminal size of "STDOUT_FILENO"!
2025/04/22 (21:07:04) | ERROR: Couldn't determine terminal size of "/dev/tty"!
2025/04/22 (21:07:04) | ERROR: Couldn't determine terminal size of "STDOUT_FILENO"!
2025/04/22 (21:07:04) | ERROR: Couldn't determine terminal size of "/dev/tty"!
2025/04/22 (21:07:04) | ERROR: Couldn't determine terminal size of "STDOUT_FILENO"!
2025/04/22 (21:07:04) | ERROR: Couldn't determine terminal size of "/dev/tty"!
2025/04/22 (21:07:04) | ERROR: Couldn't determine terminal size of "STDOUT_FILENO"!
2025/04/22 (21:07:04) | ERROR: Couldn't determine terminal size of "/dev/tty"!
2025/04/22 (21:07:04) | ERROR: Couldn't determine terminal size of "STDOUT_FILENO"!
2025/04/22 (21:07:04) | ERROR: Couldn't determine terminal size of "/dev/tty"!
2025/04/22 (21:07:04) | ERROR: Couldn't determine terminal size of "STDOUT_FILENO"!
2025/04/22 (21:07:04) | ERROR: Couldn't determine terminal size of "/dev/tty"!
2025/04/22 (21:07:04) | ERROR: Couldn't determine terminal size of "STDOUT_FILENO"!
2025/04/22 (21:07:04) | ERROR: Couldn't determine terminal size of "/dev/tty"!
2025/04/22 (21:07:04) | ERROR: Couldn't determine terminal size of "STDOUT_FILENO"!
2025/04/22 (21:07:04) | ERROR: Couldn't determine terminal size of "/dev/tty"!
2025/04/22 (21:07:04) | ERROR: Couldn't determine terminal size of "STDOUT_FILENO"!
2025/04/22 (21:07:04) | ERROR: Couldn't determine terminal size of "/dev/tty"!
2025/04/22 (21:07:04) | ERROR: Couldn't determine terminal size of "STDOUT_FILENO"!
2025/04/22 (21:07:04) | ERROR: Couldn't determine terminal size of "/dev/tty"!
2025/04/22 (21:07:04) | ERROR: Couldn't determine terminal size of "STDOUT_FILENO"!
2025/04/22 (21:07:04) | ERROR: Couldn't determine terminal size of "/dev/tty"!
2025/04/22 (21:07:04) | ERROR: Couldn't determine terminal size of "STDOUT_FILENO"!
2025/04/22 (21:07:04) | ERROR: Couldn't determine terminal size of "/dev/tty"!
2025/04/22 (21:07:04) | ERROR: Couldn't determine terminal size of "STDOUT_FILENO"!
2025/04/22 (21:07:04) | ERROR: Couldn't determine terminal size of "/dev/tty"!
2025/04/22 (21:07:04) | ERROR: Couldn't determine terminal size of "STDOUT_FILENO"!
2025/04/22 (21:07:04) | ERROR: Couldn't determine terminal size of "/dev/tty"!
2025/04/22 (21:07:04) | ERROR: Couldn't determine terminal size of "STDOUT_FILENO"!
2025/04/22 (21:07:04) | ERROR: Couldn't determine terminal size of "/dev/tty"!
2025/04/22 (21:07:04) | ERROR: Couldn't determine terminal size of "STDOUT_FILENO"!
2025/04/22 (21:07:04) | ERROR: Couldn't determine terminal size of "/dev/tty"!
2025/04/22 (21:07:04) | ERROR: Couldn't determine terminal size of "STDOUT_FILENO"!
2025/04/22 (21:07:04) | ERROR: Couldn't determine terminal size of "/dev/tty"!
2025/04/22 (21:07:04) | ERROR: Couldn't determine terminal size of "STDOUT_FILENO"!
2025/04/22 (21:07:04) | ERROR: Couldn't determine terminal size of "/dev/tty"!
2025/04/22 (21:07:04) | ERROR: Couldn't determine terminal size of "STDOUT_FILENO"!
2025/04/22 (21:07:04) | ERROR: Couldn't determine terminal size of "/dev/tty"!
2025/04/22 (21:07:04) | ERROR: Couldn't determine terminal size of "STDOUT_FILENO"!
2025/04/22 (21:07:04) | ERROR: Couldn't determine terminal size of "/dev/tty"!
2025/04/22 (21:07:04) | ERROR: Couldn't determine terminal size of "STDOUT_FILENO"!
2025/04/22 (21:07:04) | ERROR: Couldn't determine terminal size of "/dev/tty"!
2025/04/22 (21:07:04) | ERROR: Couldn't determine terminal size of "STDOUT_FILENO"!
2025/04/22 (21:07:04) | ERROR: Couldn't determine terminal size of "/dev/tty"!
2025/04/22 (21:07:04) | ERROR: Couldn't determine terminal size of "STDOUT_FILENO"!
2025/04/22 (21:07:04) | ERROR: Couldn't determine terminal size of "/dev/tty"!
2025/04/22 (21:07:04) | ERROR: Couldn't determine terminal size of "STDOUT_FILENO"!
2025/04/22 (21:07:04) | ERROR: Couldn't determine terminal size of "/dev/tty"!
2025/04/22 (21:07:04) | ERROR: Couldn't determine terminal size of "STDOUT_FILENO"!
2025/04/22 (21:07:04) | ERROR: Couldn't determine terminal size of "/dev/tty"!
2025/04/22 (21:07:04) | ERROR: Couldn't determine terminal size of "STDOUT_FILENO"!
2025/04/22 (21:07:04) | ERROR: Couldn't determine terminal size of "/dev/tty"!
2025/04/22 (21:07:04) | ERROR: Couldn't determine terminal size of "STDOUT_FILENO"!
2025/04/22 (21:07:04) | ERROR: Couldn't determine terminal size of "/dev/tty"!
2025/04/22 (21:07:04) | ERROR: Couldn't determine terminal size of "STDOUT_FILENO"!
2025/04/22 (21:07:04) | ERROR: Couldn't determine terminal size of "/dev/tty"!
2025/04/22 (21:07:04) | ERROR: Couldn't determine terminal size of "STDOUT_FILENO"!
2025/04/22 (21:07:04) | ERROR: Couldn't determine terminal size of "/dev/tty"!
2025/04/22 (21:07:04) | ERROR: Failed to get size of terminal!

2025/04/23 (12:55:05) | ===> btop++ v.1.4.0
2025/04/23 (12:55:05) | WARNING: Intel GPU: Failed to initialize PMU

2025/04/24 (13:15:43) | ===> btop++ v.1.4.0
2025/04/24 (13:15:43) | WARNING: Intel GPU: Failed to initialize PMU

2025/04/24 (13:18:13) | ===> btop++ v.1.4.0
2025/04/24 (13:18:13) | WARNING: Intel GPU: Failed to initialize PMU

2025/04/24 (13:18:58) | ===> btop++ v.1.4.0
2025/04/24 (13:18:58) | WARNING: Intel GPU: Failed to initialize PMU

2025/04/24 (13:21:18) | ===> btop++ v.1.4.0
2025/04/24 (13:21:18) | WARNING: Intel GPU: Failed to initialize PMU

2025/04/24 (13:22:33) | ===> btop++ v.1.4.0
2025/04/24 (13:22:33) | WARNING: Intel GPU: Failed to initialize PMU

2025/04/24 (14:20:26) | ===> btop++ v.1.4.0
2025/04/24 (14:20:26) | ERROR: Couldn't determine terminal size of "STDOUT_FILENO"!
2025/04/24 (14:20:26) | ERROR: Couldn't determine terminal size of "/dev/tty"!
2025/04/24 (14:20:26) | ERROR: Couldn't determine terminal size of "STDOUT_FILENO"!
2025/04/24 (14:20:26) | ERROR: Couldn't determine terminal size of "/dev/tty"!
2025/04/24 (14:20:26) | ERROR: Couldn't determine terminal size of "STDOUT_FILENO"!
2025/04/24 (14:20:26) | ERROR: Couldn't determine terminal size of "/dev/tty"!
2025/04/24 (14:20:26) | ERROR: Couldn't determine terminal size of "STDOUT_FILENO"!
2025/04/24 (14:20:26) | ERROR: Couldn't determine terminal size of "/dev/tty"!
2025/04/24 (14:20:26) | ERROR: Couldn't determine terminal size of "STDOUT_FILENO"!
2025/04/24 (14:20:26) | ERROR: Couldn't determine terminal size of "/dev/tty"!
2025/04/24 (14:20:26) | ERROR: Couldn't determine terminal size of "STDOUT_FILENO"!
2025/04/24 (14:20:26) | ERROR: Couldn't determine terminal size of "/dev/tty"!
2025/04/24 (14:20:26) | ERROR: Couldn't determine terminal size of "STDOUT_FILENO"!
2025/04/24 (14:20:26) | ERROR: Couldn't determine terminal size of "/dev/tty"!
2025/04/24 (14:20:26) | ERROR: Couldn't determine terminal size of "STDOUT_FILENO"!
2025/04/24 (14:20:26) | ERROR: Couldn't determine terminal size of "/dev/tty"!
2025/04/24 (14:20:26) | ERROR: Couldn't determine terminal size of "STDOUT_FILENO"!
2025/04/24 (14:20:26) | ERROR: Couldn't determine terminal size of "/dev/tty"!
2025/04/24 (14:20:26) | ERROR: Couldn't determine terminal size of "STDOUT_FILENO"!
2025/04/24 (14:20:26) | ERROR: Couldn't determine terminal size of "/dev/tty"!
2025/04/24 (14:20:26) | ERROR: Couldn't determine terminal size of "STDOUT_FILENO"!
2025/04/24 (14:20:26) | ERROR: Couldn't determine terminal size of "/dev/tty"!
2025/04/24 (14:20:26) | ERROR: Couldn't determine terminal size of "STDOUT_FILENO"!
2025/04/24 (14:20:26) | ERROR: Couldn't determine terminal size of "/dev/tty"!
2025/04/24 (14:20:26) | ERROR: Couldn't determine terminal size of "STDOUT_FILENO"!
2025/04/24 (14:20:26) | ERROR: Couldn't determine terminal size of "/dev/tty"!
2025/04/24 (14:20:26) | ERROR: Couldn't determine terminal size of "STDOUT_FILENO"!
2025/04/24 (14:20:26) | ERROR: Couldn't determine terminal size of "/dev/tty"!
2025/04/24 (14:20:26) | ERROR: Couldn't determine terminal size of "STDOUT_FILENO"!
2025/04/24 (14:20:26) | ERROR: Couldn't determine terminal size of "/dev/tty"!
2025/04/24 (14:20:26) | ERROR: Couldn't determine terminal size of "STDOUT_FILENO"!
2025/04/24 (14:20:26) | ERROR: Couldn't determine terminal size of "/dev/tty"!
2025/04/24 (14:20:26) | ERROR: Couldn't determine terminal size of "STDOUT_FILENO"!
2025/04/24 (14:20:26) | ERROR: Couldn't determine terminal size of "/dev/tty"!
2025/04/24 (14:20:26) | ERROR: Couldn't determine terminal size of "STDOUT_FILENO"!
2025/04/24 (14:20:26) | ERROR: Couldn't determine terminal size of "/dev/tty"!
2025/04/24 (14:20:26) | ERROR: Couldn't determine terminal size of "STDOUT_FILENO"!
2025/04/24 (14:20:26) | ERROR: Couldn't determine terminal size of "/dev/tty"!
2025/04/24 (14:20:26) | ERROR: Couldn't determine terminal size of "STDOUT_FILENO"!
2025/04/24 (14:20:26) | ERROR: Couldn't determine terminal size of "/dev/tty"!
2025/04/24 (14:20:26) | ERROR: Couldn't determine terminal size of "STDOUT_FILENO"!
2025/04/24 (14:20:26) | ERROR: Couldn't determine terminal size of "/dev/tty"!
2025/04/24 (14:20:26) | ERROR: Couldn't determine terminal size of "STDOUT_FILENO"!
2025/04/24 (14:20:26) | ERROR: Couldn't determine terminal size of "/dev/tty"!
2025/04/24 (14:20:26) | ERROR: Couldn't determine terminal size of "STDOUT_FILENO"!
2025/04/24 (14:20:26) | ERROR: Couldn't determine terminal size of "/dev/tty"!
2025/04/24 (14:20:26) | ERROR: Couldn't determine terminal size of "STDOUT_FILENO"!
2025/04/24 (14:20:26) | ERROR: Couldn't determine terminal size of "/dev/tty"!
2025/04/24 (14:20:26) | ERROR: Couldn't determine terminal size of "STDOUT_FILENO"!
2025/04/24 (14:20:26) | ERROR: Couldn't determine terminal size of "/dev/tty"!
2025/04/24 (14:20:26) | ERROR: Couldn't determine terminal size of "STDOUT_FILENO"!
2025/04/24 (14:20:26) | ERROR: Couldn't determine terminal size of "/dev/tty"!
2025/04/24 (14:20:26) | ERROR: Couldn't determine terminal size of "STDOUT_FILENO"!
2025/04/24 (14:20:26) | ERROR: Couldn't determine terminal size of "/dev/tty"!
2025/04/24 (14:20:26) | ERROR: Couldn't determine terminal size of "STDOUT_FILENO"!
2025/04/24 (14:20:26) | ERROR: Couldn't determine terminal size of "/dev/tty"!
2025/04/24 (14:20:26) | ERROR: Couldn't determine terminal size of "STDOUT_FILENO"!
2025/04/24 (14:20:26) | ERROR: Couldn't determine terminal size of "/dev/tty"!
2025/04/24 (14:20:26) | ERROR: Couldn't determine terminal size of "STDOUT_FILENO"!
2025/04/24 (14:20:26) | ERROR: Couldn't determine terminal size of "/dev/tty"!
2025/04/24 (14:20:26) | ERROR: Couldn't determine terminal size of "STDOUT_FILENO"!
2025/04/24 (14:20:26) | ERROR: Couldn't determine terminal size of "/dev/tty"!
2025/04/24 (14:20:26) | ERROR: Couldn't determine terminal size of "STDOUT_FILENO"!
2025/04/24 (14:20:26) | ERROR: Couldn't determine terminal size of "/dev/tty"!
2025/04/24 (14:20:26) | ERROR: Couldn't determine terminal size of "STDOUT_FILENO"!
2025/04/24 (14:20:26) | ERROR: Couldn't determine terminal size of "/dev/tty"!
2025/04/24 (14:20:26) | ERROR: Couldn't determine terminal size of "STDOUT_FILENO"!
2025/04/24 (14:20:26) | ERROR: Couldn't determine terminal size of "/dev/tty"!
2025/04/24 (14:20:26) | ERROR: Couldn't determine terminal size of "STDOUT_FILENO"!
2025/04/24 (14:20:26) | ERROR: Couldn't determine terminal size of "/dev/tty"!
2025/04/24 (14:20:26) | ERROR: Couldn't determine terminal size of "STDOUT_FILENO"!
2025/04/24 (14:20:26) | ERROR: Couldn't determine terminal size of "/dev/tty"!
2025/04/24 (14:20:26) | ERROR: Couldn't determine terminal size of "STDOUT_FILENO"!
2025/04/24 (14:20:26) | ERROR: Couldn't determine terminal size of "/dev/tty"!
2025/04/24 (14:20:26) | ERROR: Couldn't determine terminal size of "STDOUT_FILENO"!
2025/04/24 (14:20:26) | ERROR: Couldn't determine terminal size of "/dev/tty"!
2025/04/24 (14:20:26) | ERROR: Couldn't determine terminal size of "STDOUT_FILENO"!
2025/04/24 (14:20:26) | ERROR: Couldn't determine terminal size of "/dev/tty"!
2025/04/24 (14:20:26) | ERROR: Couldn't determine terminal size of "STDOUT_FILENO"!
2025/04/24 (14:20:26) | ERROR: Couldn't determine terminal size of "/dev/tty"!
2025/04/24 (14:20:26) | ERROR: Couldn't determine terminal size of "STDOUT_FILENO"!
2025/04/24 (14:20:26) | ERROR: Couldn't determine terminal size of "/dev/tty"!
2025/04/24 (14:20:26) | ERROR: Couldn't determine terminal size of "STDOUT_FILENO"!
2025/04/24 (14:20:26) | ERROR: Couldn't determine terminal size of "/dev/tty"!
2025/04/24 (14:20:26) | ERROR: Couldn't determine terminal size of "STDOUT_FILENO"!
2025/04/24 (14:20:26) | ERROR: Couldn't determine terminal size of "/dev/tty"!
2025/04/24 (14:20:26) | ERROR: Couldn't determine terminal size of "STDOUT_FILENO"!
2025/04/24 (14:20:26) | ERROR: Couldn't determine terminal size of "/dev/tty"!
2025/04/24 (14:20:26) | ERROR: Couldn't determine terminal size of "STDOUT_FILENO"!
2025/04/24 (14:20:26) | ERROR: Couldn't determine terminal size of "/dev/tty"!
2025/04/24 (14:20:26) | ERROR: Couldn't determine terminal size of "STDOUT_FILENO"!
2025/04/24 (14:20:26) | ERROR: Couldn't determine terminal size of "/dev/tty"!
2025/04/24 (14:20:26) | ERROR: Couldn't determine terminal size of "STDOUT_FILENO"!
2025/04/24 (14:20:26) | ERROR: Couldn't determine terminal size of "/dev/tty"!
2025/04/24 (14:20:26) | ERROR: Couldn't determine terminal size of "STDOUT_FILENO"!
2025/04/24 (14:20:26) | ERROR: Couldn't determine terminal size of "/dev/tty"!
2025/04/24 (14:20:26) | ERROR: Couldn't determine terminal size of "STDOUT_FILENO"!
2025/04/24 (14:20:26) | ERROR: Couldn't determine terminal size of "/dev/tty"!
2025/04/24 (14:20:26) | ERROR: Couldn't determine terminal size of "STDOUT_FILENO"!
2025/04/24 (14:20:26) | ERROR: Couldn't determine terminal size of "/dev/tty"!
2025/04/24 (14:20:26) | ERROR: Couldn't determine terminal size of "STDOUT_FILENO"!
2025/04/24 (14:20:26) | ERROR: Couldn't determine terminal size of "/dev/tty"!
2025/04/24 (14:20:26) | ERROR: Couldn't determine terminal size of "STDOUT_FILENO"!
2025/04/24 (14:20:26) | ERROR: Couldn't determine terminal size of "/dev/tty"!
2025/04/24 (14:20:26) | ERROR: Couldn't determine terminal size of "STDOUT_FILENO"!
2025/04/24 (14:20:26) | ERROR: Couldn't determine terminal size of "/dev/tty"!
2025/04/24 (14:20:26) | ERROR: Couldn't determine terminal size of "STDOUT_FILENO"!
2025/04/24 (14:20:26) | ERROR: Couldn't determine terminal size of "/dev/tty"!
2025/04/24 (14:20:26) | ERROR: Couldn't determine terminal size of "STDOUT_FILENO"!
2025/04/24 (14:20:26) | ERROR: Couldn't determine terminal size of "/dev/tty"!
2025/04/24 (14:20:26) | ERROR: Couldn't determine terminal size of "STDOUT_FILENO"!
2025/04/24 (14:20:26) | ERROR: Couldn't determine terminal size of "/dev/tty"!
2025/04/24 (14:20:26) | ERROR: Couldn't determine terminal size of "STDOUT_FILENO"!
2025/04/24 (14:20:26) | ERROR: Couldn't determine terminal size of "/dev/tty"!
2025/04/24 (14:20:26) | ERROR: Couldn't determine terminal size of "STDOUT_FILENO"!
2025/04/24 (14:20:26) | ERROR: Couldn't determine terminal size of "/dev/tty"!
2025/04/24 (14:20:26) | ERROR: Couldn't determine terminal size of "STDOUT_FILENO"!
2025/04/24 (14:20:26) | ERROR: Couldn't determine terminal size of "/dev/tty"!
2025/04/24 (14:20:26) | ERROR: Couldn't determine terminal size of "STDOUT_FILENO"!
2025/04/24 (14:20:26) | ERROR: Couldn't determine terminal size of "/dev/tty"!
2025/04/24 (14:20:26) | ERROR: Couldn't determine terminal size of "STDOUT_FILENO"!
2025/04/24 (14:20:26) | ERROR: Couldn't determine terminal size of "/dev/tty"!
2025/04/24 (14:20:26) | ERROR: Couldn't determine terminal size of "STDOUT_FILENO"!
2025/04/24 (14:20:26) | ERROR: Couldn't determine terminal size of "/dev/tty"!
2025/04/24 (14:20:27) | ERROR: Couldn't determine terminal size of "STDOUT_FILENO"!
2025/04/24 (14:20:27) | ERROR: Couldn't determine terminal size of "/dev/tty"!
2025/04/24 (14:20:27) | ERROR: Couldn't determine terminal size of "STDOUT_FILENO"!
2025/04/24 (14:20:27) | ERROR: Couldn't determine terminal size of "/dev/tty"!
2025/04/24 (14:20:27) | ERROR: Couldn't determine terminal size of "STDOUT_FILENO"!
2025/04/24 (14:20:27) | ERROR: Couldn't determine terminal size of "/dev/tty"!
2025/04/24 (14:20:27) | ERROR: Couldn't determine terminal size of "STDOUT_FILENO"!
2025/04/24 (14:20:27) | ERROR: Couldn't determine terminal size of "/dev/tty"!
2025/04/24 (14:20:27) | ERROR: Couldn't determine terminal size of "STDOUT_FILENO"!
2025/04/24 (14:20:27) | ERROR: Couldn't determine terminal size of "/dev/tty"!
2025/04/24 (14:20:27) | ERROR: Couldn't determine terminal size of "STDOUT_FILENO"!
2025/04/24 (14:20:27) | ERROR: Couldn't determine terminal size of "/dev/tty"!
2025/04/24 (14:20:27) | ERROR: Couldn't determine terminal size of "STDOUT_FILENO"!
2025/04/24 (14:20:27) | ERROR: Couldn't determine terminal size of "/dev/tty"!
2025/04/24 (14:20:27) | ERROR: Couldn't determine terminal size of "STDOUT_FILENO"!
2025/04/24 (14:20:27) | ERROR: Couldn't determine terminal size of "/dev/tty"!
2025/04/24 (14:20:27) | ERROR: Couldn't determine terminal size of "STDOUT_FILENO"!
2025/04/24 (14:20:27) | ERROR: Couldn't determine terminal size of "/dev/tty"!
2025/04/24 (14:20:27) | ERROR: Couldn't determine terminal size of "STDOUT_FILENO"!
2025/04/24 (14:20:27) | ERROR: Couldn't determine terminal size of "/dev/tty"!
2025/04/24 (14:20:27) | ERROR: Couldn't determine terminal size of "STDOUT_FILENO"!
2025/04/24 (14:20:27) | ERROR: Couldn't determine terminal size of "/dev/tty"!
2025/04/24 (14:20:27) | ERROR: Couldn't determine terminal size of "STDOUT_FILENO"!
2025/04/24 (14:20:27) | ERROR: Couldn't determine terminal size of "/dev/tty"!
2025/04/24 (14:20:27) | ERROR: Couldn't determine terminal size of "STDOUT_FILENO"!
2025/04/24 (14:20:27) | ERROR: Couldn't determine terminal size of "/dev/tty"!
2025/04/24 (14:20:27) | ERROR: Couldn't determine terminal size of "STDOUT_FILENO"!
2025/04/24 (14:20:27) | ERROR: Couldn't determine terminal size of "/dev/tty"!
2025/04/24 (14:20:27) | ERROR: Couldn't determine terminal size of "STDOUT_FILENO"!
2025/04/24 (14:20:27) | ERROR: Couldn't determine terminal size of "/dev/tty"!
2025/04/24 (14:20:27) | ERROR: Couldn't determine terminal size of "STDOUT_FILENO"!
2025/04/24 (14:20:27) | ERROR: Couldn't determine terminal size of "/dev/tty"!
2025/04/24 (14:20:27) | ERROR: Couldn't determine terminal size of "STDOUT_FILENO"!
2025/04/24 (14:20:27) | ERROR: Couldn't determine terminal size of "/dev/tty"!
2025/04/24 (14:20:27) | ERROR: Couldn't determine terminal size of "STDOUT_FILENO"!
2025/04/24 (14:20:27) | ERROR: Couldn't determine terminal size of "/dev/tty"!
2025/04/24 (14:20:27) | ERROR: Couldn't determine terminal size of "STDOUT_FILENO"!
2025/04/24 (14:20:27) | ERROR: Couldn't determine terminal size of "/dev/tty"!
2025/04/24 (14:20:27) | ERROR: Couldn't determine terminal size of "STDOUT_FILENO"!
2025/04/24 (14:20:27) | ERROR: Couldn't determine terminal size of "/dev/tty"!
2025/04/24 (14:20:27) | ERROR: Couldn't determine terminal size of "STDOUT_FILENO"!
2025/04/24 (14:20:27) | ERROR: Couldn't determine terminal size of "/dev/tty"!
2025/04/24 (14:20:27) | ERROR: Couldn't determine terminal size of "STDOUT_FILENO"!
2025/04/24 (14:20:27) | ERROR: Couldn't determine terminal size of "/dev/tty"!
2025/04/24 (14:20:27) | ERROR: Couldn't determine terminal size of "STDOUT_FILENO"!
2025/04/24 (14:20:27) | ERROR: Couldn't determine terminal size of "/dev/tty"!
2025/04/24 (14:20:27) | ERROR: Couldn't determine terminal size of "STDOUT_FILENO"!
2025/04/24 (14:20:27) | ERROR: Couldn't determine terminal size of "/dev/tty"!
2025/04/24 (14:20:27) | ERROR: Couldn't determine terminal size of "STDOUT_FILENO"!
2025/04/24 (14:20:27) | ERROR: Couldn't determine terminal size of "/dev/tty"!
2025/04/24 (14:20:27) | ERROR: Couldn't determine terminal size of "STDOUT_FILENO"!
2025/04/24 (14:20:27) | ERROR: Couldn't determine terminal size of "/dev/tty"!
2025/04/24 (14:20:27) | ERROR: Couldn't determine terminal size of "STDOUT_FILENO"!
2025/04/24 (14:20:27) | ERROR: Couldn't determine terminal size of "/dev/tty"!
2025/04/24 (14:20:27) | ERROR: Couldn't determine terminal size of "STDOUT_FILENO"!
2025/04/24 (14:20:27) | ERROR: Couldn't determine terminal size of "/dev/tty"!
2025/04/24 (14:20:27) | ERROR: Couldn't determine terminal size of "STDOUT_FILENO"!
2025/04/24 (14:20:27) | ERROR: Couldn't determine terminal size of "/dev/tty"!
2025/04/24 (14:20:27) | ERROR: Couldn't determine terminal size of "STDOUT_FILENO"!
2025/04/24 (14:20:27) | ERROR: Couldn't determine terminal size of "/dev/tty"!
2025/04/24 (14:20:27) | ERROR: Couldn't determine terminal size of "STDOUT_FILENO"!
2025/04/24 (14:20:27) | ERROR: Couldn't determine terminal size of "/dev/tty"!
2025/04/24 (14:20:27) | ERROR: Couldn't determine terminal size of "STDOUT_FILENO"!
2025/04/24 (14:20:27) | ERROR: Couldn't determine terminal size of "/dev/tty"!
2025/04/24 (14:20:27) | ERROR: Couldn't determine terminal size of "STDOUT_FILENO"!
2025/04/24 (14:20:27) | ERROR: Couldn't determine terminal size of "/dev/tty"!
2025/04/24 (14:20:27) | ERROR: Couldn't determine terminal size of "STDOUT_FILENO"!
2025/04/24 (14:20:27) | ERROR: Couldn't determine terminal size of "/dev/tty"!
2025/04/24 (14:20:27) | ERROR: Couldn't determine terminal size of "STDOUT_FILENO"!
2025/04/24 (14:20:27) | ERROR: Couldn't determine terminal size of "/dev/tty"!
2025/04/24 (14:20:27) | ERROR: Couldn't determine terminal size of "STDOUT_FILENO"!
2025/04/24 (14:20:27) | ERROR: Couldn't determine terminal size of "/dev/tty"!
2025/04/24 (14:20:27) | ERROR: Couldn't determine terminal size of "STDOUT_FILENO"!
2025/04/24 (14:20:27) | ERROR: Couldn't determine terminal size of "/dev/tty"!
2025/04/24 (14:20:27) | ERROR: Couldn't determine terminal size of "STDOUT_FILENO"!
2025/04/24 (14:20:27) | ERROR: Couldn't determine terminal size of "/dev/tty"!
2025/04/24 (14:20:27) | ERROR: Couldn't determine terminal size of "STDOUT_FILENO"!
2025/04/24 (14:20:27) | ERROR: Couldn't determine terminal size of "/dev/tty"!
2025/04/24 (14:20:27) | ERROR: Failed to get size of terminal!

2025/04/24 (14:38:46) | ===> btop++ v.1.4.0
2025/04/24 (14:38:46) | WARNING: Intel GPU: Failed to initialize PMU
